<?xml version="1.0" encoding="UTF-8"?>
<testng-results ignored="0" total="1" passed="1" failed="0" skipped="0">
  <reporter-output>
  </reporter-output>
  <suite started-at="2021-02-22T14:37:37Z" name="Default suite" finished-at="2021-02-22T14:38:12Z" duration-ms="34793">
    <groups>
      <group name="cucumber">
        <method signature="AbstractTestNGCucumberTests.runScenario(io.cucumber.testng.PickleWrapper, io.cucumber.testng.FeatureWrapper)[pri:0, instance:com.ecommerce.testRunner.TestRunner@119cbf96]" name="runScenario" class="io.cucumber.testng.AbstractTestNGCucumberTests"/>
      </group> <!-- cucumber -->
    </groups>
    <test started-at="2021-02-22T14:37:37Z" name="Default test" finished-at="2021-02-22T14:38:12Z" duration-ms="34793">
      <class name="com.ecommerce.testRunner.TestRunner">
        <test-method is-config="true" signature="setUpClass()[pri:0, instance:com.ecommerce.testRunner.TestRunner@119cbf96]" started-at="2021-02-22T14:37:37Z" name="setUpClass" finished-at="2021-02-22T14:37:39Z" duration-ms="1137" status="PASS">
          <reporter-output>
          </reporter-output>
        </test-method> <!-- setUpClass -->
        <test-method signature="runScenario(io.cucumber.testng.PickleWrapper, io.cucumber.testng.FeatureWrapper)[pri:0, instance:com.ecommerce.testRunner.TestRunner@119cbf96]" started-at="2021-02-22T14:37:39Z" name="runScenario" description="Runs Cucumber Scenarios" data-provider="scenarios" finished-at="2021-02-22T14:38:12Z" duration-ms="33159" status="PASS">
          <params>
            <param index="0">
              <value>
                <![CDATA["Search box validation"]]>
              </value>
            </param>
            <param index="1">
              <value>
                <![CDATA["Optional[Search field validation]"]]>
              </value>
            </param>
          </params>
          <reporter-output>
          </reporter-output>
        </test-method> <!-- runScenario -->
        <test-method is-config="true" signature="tearDownClass()[pri:0, instance:com.ecommerce.testRunner.TestRunner@119cbf96]" started-at="2021-02-22T14:38:12Z" name="tearDownClass" finished-at="2021-02-22T14:38:12Z" duration-ms="426" status="PASS">
          <reporter-output>
          </reporter-output>
        </test-method> <!-- tearDownClass -->
      </class> <!-- com.ecommerce.testRunner.TestRunner -->
    </test> <!-- Default test -->
  </suite> <!-- Default suite -->
</testng-results>
